<?xml version="1.0" encoding="UTF-8"?>
<!-- Generated by org.testng.reporters.JUnitXMLReporter -->
<testsuite hostname="Homewin10" ignored="0" name="Default test" tests="4" failures="0" timestamp="2021-02-14T20:37:40 EST" time="5.972" errors="0">
  <testcase name="GetListOfUsersRequest" time="3.743" classname="Log4JPack.ReqresRequests"/>
  <testcase name="CreateUserRequest" time="0.534" classname="Log4JPack.ReqresRequests"/>
  <testcase name="UpdateUserRequest" time="0.474" classname="Log4JPack.ReqresRequests"/>
  <testcase name="DeleteUserRequest" time="0.454" classname="Log4JPack.ReqresRequests"/>
</testsuite> <!-- Default test -->
